#
# A fatal error has been detected by the Java Runtime Environment:
#
#  EXCEPTION_ACCESS_VIOLATION (0xc0000005) at pc=0x0000000055c593cd, pid=5672, tid=0x0000000000000eec
#
# JRE version: Java(TM) SE Runtime Environment (8.0_112-b15) (build 1.8.0_112-b15)
# Java VM: Java HotSpot(TM) 64-Bit Server VM (25.112-b15 mixed mode windows-amd64 compressed oops)
# Problematic frame:
# C  [nvoglv64.DLL+0xd593cd]
#
# Failed to write core dump. Minidumps are not enabled by default on client versions of Windows
#
# If you would like to submit a bug report, please visit:
#   http://bugreport.java.com/bugreport/crash.jsp
# The crash happened outside the Java Virtual Machine in native code.
# See problematic frame for where to report the bug.
#

---------------  T H R E A D  ---------------

Current thread (0x0000000002bd3800):  JavaThread "main" [_thread_in_native, id=3820, stack(0x0000000002ab0000,0x0000000002bb0000)]

siginfo: ExceptionCode=0xc0000005, reading address 0x0000000000000000

Registers:
RAX=0x0000000000000600, RBX=0x0000000000000200, RCX=0x00000000193b8f84, RDX=0xffffffffe6c4707c
RSP=0x0000000002baece8, RBP=0x0000000000000001, RSI=0x0000000000000060, RDI=0x00000000193b8f84
R8 =0x0000000000000600, R9 =0x0000000000000060, R10=0x0000000000000000, R11=0x00000000193b8f84
R12=0x0000000000000000, R13=0x0000000054f00000, R14=0x0000000000000003, R15=0x00000000185c2f20
RIP=0x0000000055c593cd, EFLAGS=0x0000000000010202

Top of Stack: (sp=0x0000000002baece8)
0x0000000002baece8:   00000000557933e4 0000000002d1ec80
0x0000000002baecf8:   000000005714c72b 0000000002baf368
0x0000000002baed08:   000000005566054b 0000000000000000
0x0000000002baed18:   0000000000000000 0000000000000000
0x0000000002baed28:   00000000185c2f20 000000000060810b
0x0000000002baed38:   0000000055793ef5 00000000185bf080
0x0000000002baed48:   0000000000000060 0000000000000004
0x0000000002baed58:   0000000016c45990 0000000002bd3800
0x0000000002baed68:   0000000002baee60 0000000014dd64e8
0x0000000002baed78:   0000000000000000 00000000000000bc
0x0000000002baed88:   0000000002d35c94 0000000014dd64e8
0x0000000002baed98:   0000000002baee20 0000000000000138
0x0000000002baeda8:   00000000571bf2f0 0000000000000000
0x0000000002baedb8:   0000000000000060 0000000014dd53b0
0x0000000002baedc8:   0000000002bd3800 0000000015061508
0x0000000002baedd8:   0000000002bd3800 0000000002baede0 

Instructions: (pc=0x0000000055c593cd)
0x0000000055c593ad:   ff c8 88 01 48 ff c1 f6 c1 02 74 0f 66 8b 04 0a
0x0000000055c593bd:   49 83 e8 02 66 89 01 48 83 c1 02 f6 c1 04 74 0d
0x0000000055c593cd:   8b 04 0a 49 83 e8 04 89 01 48 83 c1 04 4d 8b c8
0x0000000055c593dd:   49 c1 e9 05 0f 85 d9 01 00 00 4d 8b c8 49 c1 e9 


Register to memory mapping:

RAX=0x0000000000000600 is an unknown value
RBX=0x0000000000000200 is an unknown value
RCX=0x00000000193b8f84 is an unknown value
RDX=0xffffffffe6c4707c is an unknown value
RSP=0x0000000002baece8 is pointing into the stack for thread: 0x0000000002bd3800
RBP=0x0000000000000001 is an unknown value
RSI=0x0000000000000060 is an unknown value
RDI=0x00000000193b8f84 is an unknown value
R8 =0x0000000000000600 is an unknown value
R9 =0x0000000000000060 is an unknown value
R10=0x0000000000000000 is an unknown value
R11=0x00000000193b8f84 is an unknown value
R12=0x0000000000000000 is an unknown value
R13=0x0000000054f00000 is an unknown value
R14=0x0000000000000003 is an unknown value
R15=0x00000000185c2f20 is an unknown value


Stack: [0x0000000002ab0000,0x0000000002bb0000],  sp=0x0000000002baece8,  free space=1019k
Native frames: (J=compiled Java code, j=interpreted, Vv=VM code, C=native code)
C  [nvoglv64.DLL+0xd593cd]
C  [nvoglv64.DLL+0x8933e4]
C  [nvoglv64.DLL+0x893ef5]
C  0x0000000002d35c94

Java frames: (J=compiled Java code, j=interpreted, Vv=VM code)
j  org.lwjgl.system.JNI.callV(JIII)V+0
j  org.lwjgl.opengl.GL11.glDrawArrays(III)V+11
j  com.wfe.renderEngine.FontRenderer.render(Lcom/wfe/font/GUIText;)V+105
j  com.wfe.renderEngine.FontRenderer.render(Ljava/util/Map;)V+79
j  com.wfe.renderEngine.RenderEngine.render(Ljava/util/Map;Lcom/wfe/animation/AnimatedEntity;Ljava/util/Map;)V+21
j  com.wfe.game.World.render(Lcom/wfe/animation/AnimatedEntity;)V+27
j  com.wfe.game.Game.render()V+7
j  com.wfe.core.MainApp.main([Ljava/lang/String;)V+70
v  ~StubRoutines::call_stub

---------------  P R O C E S S  ---------------

Java Threads: ( => current thread )
  0x0000000016c18800 JavaThread "Service Thread" daemon [_thread_blocked, id=1804, stack(0x0000000016ff0000,0x00000000170f0000)]
  0x00000000152ab800 JavaThread "C1 CompilerThread2" daemon [_thread_blocked, id=1672, stack(0x0000000016af0000,0x0000000016bf0000)]
  0x00000000152a2800 JavaThread "C2 CompilerThread1" daemon [_thread_blocked, id=6716, stack(0x00000000169f0000,0x0000000016af0000)]
  0x000000001529e800 JavaThread "C2 CompilerThread0" daemon [_thread_blocked, id=4856, stack(0x00000000168f0000,0x00000000169f0000)]
  0x000000001529d000 JavaThread "Attach Listener" daemon [_thread_blocked, id=5648, stack(0x00000000167f0000,0x00000000168f0000)]
  0x000000001529c000 JavaThread "Signal Dispatcher" daemon [_thread_blocked, id=6612, stack(0x00000000166f0000,0x00000000167f0000)]
  0x000000001528a800 JavaThread "Finalizer" daemon [_thread_blocked, id=5360, stack(0x0000000016510000,0x0000000016610000)]
  0x0000000002cc2000 JavaThread "Reference Handler" daemon [_thread_blocked, id=4636, stack(0x0000000016410000,0x0000000016510000)]
=>0x0000000002bd3800 JavaThread "main" [_thread_in_native, id=3820, stack(0x0000000002ab0000,0x0000000002bb0000)]

Other Threads:
  0x0000000015267800 VMThread [stack: 0x0000000016310000,0x0000000016410000] [id=6776]
  0x0000000016c44800 WatcherThread [stack: 0x00000000171e0000,0x00000000172e0000] [id=4640]

VM state:not at safepoint (normal execution)

VM Mutex/Monitor currently owned by a thread: None

Heap:
 PSYoungGen      total 18432K, used 6862K [0x00000000eb600000, 0x00000000eca80000, 0x0000000100000000)
  eden space 15872K, 30% used [0x00000000eb600000,0x00000000ebabecc8,0x00000000ec580000)
  from space 2560K, 78% used [0x00000000ec800000,0x00000000ec9f4ba8,0x00000000eca80000)
  to   space 2560K, 0% used [0x00000000ec580000,0x00000000ec580000,0x00000000ec800000)
 ParOldGen       total 42496K, used 522K [0x00000000c2200000, 0x00000000c4b80000, 0x00000000eb600000)
  object space 42496K, 1% used [0x00000000c2200000,0x00000000c2282ba0,0x00000000c4b80000)
 Metaspace       used 8554K, capacity 8703K, committed 8832K, reserved 1056768K
  class space    used 784K, capacity 862K, committed 896K, reserved 1048576K

Card table byte_map: [0x00000000120e0000,0x00000000122d0000] byte_map_base: 0x0000000011acf000

Marking Bits: (ParMarkBitMap*) 0x00000000578aa6d0
 Begin Bits: [0x0000000012820000, 0x0000000013798000)
 End Bits:   [0x0000000013798000, 0x0000000014710000)

Polling page: 0x0000000001170000

CodeCache: size=245760Kb used=3490Kb max_used=3491Kb free=242269Kb
 bounds [0x0000000002d20000, 0x0000000003090000, 0x0000000011d20000]
 total_blobs=1658 nmethods=847 adapters=725
 compilation: enabled

Compilation events (10 events):
Event: 5.883 Thread 0x00000000152ab800  842       3       com.wfe.font.MetaFile::getValueOfVariable (17 bytes)
Event: 5.883 Thread 0x00000000152ab800 nmethod 842 0x0000000003084c10 code [0x0000000003084da0, 0x0000000003085138]
Event: 5.910 Thread 0x00000000152ab800  844       1       com.wfe.core.Camera::getPosition (5 bytes)
Event: 5.911 Thread 0x00000000152ab800 nmethod 844 0x0000000003084710 code [0x0000000003084860, 0x0000000003084970]
Event: 5.911 Thread 0x00000000152ab800  845  s    3       java.util.Vector::elementAt (48 bytes)
Event: 5.912 Thread 0x00000000152ab800 nmethod 845 0x0000000003087110 code [0x0000000003087320, 0x0000000003087ea8]
Event: 5.912 Thread 0x00000000152ab800  846       1       java.nio.DirectFloatBufferU::ix (10 bytes)
Event: 5.912 Thread 0x00000000152ab800 nmethod 846 0x0000000003084450 code [0x00000000030845a0, 0x00000000030846b0]
Event: 5.912 Thread 0x00000000152ab800  847       3       java.nio.DirectFloatBufferU::put (17 bytes)
Event: 5.912 Thread 0x00000000152ab800 nmethod 847 0x0000000003086a10 code [0x0000000003086ba0, 0x0000000003086f68]

GC Heap History (4 events):
Event: 5.116 GC heap before
{Heap before GC invocations=1 (full 0):
 PSYoungGen      total 18432K, used 15872K [0x00000000eb600000, 0x00000000eca80000, 0x0000000100000000)
  eden space 15872K, 100% used [0x00000000eb600000,0x00000000ec580000,0x00000000ec580000)
  from space 2560K, 0% used [0x00000000ec800000,0x00000000ec800000,0x00000000eca80000)
  to   space 2560K, 0% used [0x00000000ec580000,0x00000000ec580000,0x00000000ec800000)
 ParOldGen       total 42496K, used 0K [0x00000000c2200000, 0x00000000c4b80000, 0x00000000eb600000)
  object space 42496K, 0% used [0x00000000c2200000,0x00000000c2200000,0x00000000c4b80000)
 Metaspace       used 8111K, capacity 8315K, committed 8576K, reserved 1056768K
  class space    used 737K, capacity 796K, committed 896K, reserved 1048576K
Event: 5.121 GC heap after
Heap after GC invocations=1 (full 0):
 PSYoungGen      total 18432K, used 2530K [0x00000000eb600000, 0x00000000eca80000, 0x0000000100000000)
  eden space 15872K, 0% used [0x00000000eb600000,0x00000000eb600000,0x00000000ec580000)
  from space 2560K, 98% used [0x00000000ec580000,0x00000000ec7f8a98,0x00000000ec800000)
  to   space 2560K, 0% used [0x00000000ec800000,0x00000000ec800000,0x00000000eca80000)
 ParOldGen       total 42496K, used 514K [0x00000000c2200000, 0x00000000c4b80000, 0x00000000eb600000)
  object space 42496K, 1% used [0x00000000c2200000,0x00000000c2280ba0,0x00000000c4b80000)
 Metaspace       used 8111K, capacity 8315K, committed 8576K, reserved 1056768K
  class space    used 737K, capacity 796K, committed 896K, reserved 1048576K
}
Event: 5.720 GC heap before
{Heap before GC invocations=2 (full 0):
 PSYoungGen      total 18432K, used 18214K [0x00000000eb600000, 0x00000000eca80000, 0x0000000100000000)
  eden space 15872K, 98% used [0x00000000eb600000,0x00000000ec5510b0,0x00000000ec580000)
  from space 2560K, 98% used [0x00000000ec580000,0x00000000ec7f8a98,0x00000000ec800000)
  to   space 2560K, 0% used [0x00000000ec800000,0x00000000ec800000,0x00000000eca80000)
 ParOldGen       total 42496K, used 514K [0x00000000c2200000, 0x00000000c4b80000, 0x00000000eb600000)
  object space 42496K, 1% used [0x00000000c2200000,0x00000000c2280ba0,0x00000000c4b80000)
 Metaspace       used 8465K, capacity 8607K, committed 8832K, reserved 1056768K
  class space    used 769K, capacity 830K, committed 896K, reserved 1048576K
Event: 5.724 GC heap after
Heap after GC invocations=2 (full 0):
 PSYoungGen      total 18432K, used 2002K [0x00000000eb600000, 0x00000000eca80000, 0x0000000100000000)
  eden space 15872K, 0% used [0x00000000eb600000,0x00000000eb600000,0x00000000ec580000)
  from space 2560K, 78% used [0x00000000ec800000,0x00000000ec9f4ba8,0x00000000eca80000)
  to   space 2560K, 0% used [0x00000000ec580000,0x00000000ec580000,0x00000000ec800000)
 ParOldGen       total 42496K, used 522K [0x00000000c2200000, 0x00000000c4b80000, 0x00000000eb600000)
  object space 42496K, 1% used [0x00000000c2200000,0x00000000c2282ba0,0x00000000c4b80000)
 Metaspace       used 8465K, capacity 8607K, committed 8832K, reserved 1056768K
  class space    used 769K, capacity 830K, committed 896K, reserved 1048576K
}

Deoptimization events (10 events):
Event: 5.192 Thread 0x0000000002bd3800 Uncommon trap: reason=predicate action=maybe_recompile pc=0x0000000002fffc2c method=java.util.AbstractCollection.toArray([Ljava/lang/Object;)[Ljava/lang/Object; @ 49
Event: 5.215 Thread 0x0000000002bd3800 Uncommon trap: reason=array_check action=maybe_recompile pc=0x0000000003002ea0 method=java.util.AbstractCollection.toArray([Ljava/lang/Object;)[Ljava/lang/Object; @ 119
Event: 5.215 Thread 0x0000000002bd3800 Uncommon trap: reason=array_check action=maybe_recompile pc=0x0000000003002ea0 method=java.util.AbstractCollection.toArray([Ljava/lang/Object;)[Ljava/lang/Object; @ 119
Event: 5.215 Thread 0x0000000002bd3800 Uncommon trap: reason=array_check action=maybe_recompile pc=0x0000000003002ea0 method=java.util.AbstractCollection.toArray([Ljava/lang/Object;)[Ljava/lang/Object; @ 119
Event: 5.215 Thread 0x0000000002bd3800 Uncommon trap: reason=array_check action=maybe_recompile pc=0x0000000003002ea0 method=java.util.AbstractCollection.toArray([Ljava/lang/Object;)[Ljava/lang/Object; @ 119
Event: 5.439 Thread 0x0000000002bd3800 Uncommon trap: reason=unstable_if action=reinterpret pc=0x0000000003015ff4 method=java.lang.String.split(Ljava/lang/String;I)[Ljava/lang/String; @ 207
Event: 5.521 Thread 0x0000000002bd3800 Uncommon trap: reason=unstable_if action=reinterpret pc=0x0000000002ffd3c8 method=sun.misc.FloatingDecimal.readJavaFormatString(Ljava/lang/String;)Lsun/misc/FloatingDecimal$ASCIIToBinaryConverter; @ 445
Event: 5.550 Thread 0x0000000002bd3800 Uncommon trap: reason=unstable_if action=reinterpret pc=0x0000000003051eac method=sun.misc.FloatingDecimal$ASCIIToBinaryBuffer.floatValue()F @ 190
Event: 5.879 Thread 0x0000000002bd3800 Uncommon trap: reason=unstable_if action=reinterpret pc=0x0000000003050010 method=java.lang.Integer.parseInt(Ljava/lang/String;I)I @ 122
Event: 5.880 Thread 0x0000000002bd3800 Uncommon trap: reason=unstable_if action=reinterpret pc=0x000000000300c3a4 method=java.lang.Integer.parseInt(Ljava/lang/String;I)I @ 122

Internal exceptions (10 events):
Event: 0.193 Thread 0x0000000002bd3800 Exception <a 'java/security/PrivilegedActionException'> (0x00000000eb813f18) thrown at [C:\re\workspace\8-2-build-windows-amd64-cygwin\jdk8u112\7884\hotspot\src\share\vm\prims\jvm.cpp, line 1390]
Event: 0.193 Thread 0x0000000002bd3800 Exception <a 'java/security/PrivilegedActionException'> (0x00000000eb814128) thrown at [C:\re\workspace\8-2-build-windows-amd64-cygwin\jdk8u112\7884\hotspot\src\share\vm\prims\jvm.cpp, line 1390]
Event: 0.256 Thread 0x0000000002bd3800 Exception <a 'java/lang/NoSuchFieldError': method resolution failed> (0x00000000eb9378d8) thrown at [C:\re\workspace\8-2-build-windows-amd64-cygwin\jdk8u112\7884\hotspot\src\share\vm\prims\methodHandles.cpp, line 1146]
Event: 0.259 Thread 0x0000000002bd3800 Exception <a 'java/lang/NoSuchFieldError': method resolution failed> (0x00000000eb944ff8) thrown at [C:\re\workspace\8-2-build-windows-amd64-cygwin\jdk8u112\7884\hotspot\src\share\vm\prims\methodHandles.cpp, line 1146]
Event: 4.482 Thread 0x0000000002bd3800 Exception <a 'sun/nio/fs/WindowsException'> (0x00000000ebc45ba0) thrown at [C:\re\workspace\8-2-build-windows-amd64-cygwin\jdk8u112\7884\hotspot\src\share\vm\prims\jni.cpp, line 709]
Event: 4.483 Thread 0x0000000002bd3800 Exception <a 'sun/nio/fs/WindowsException'> (0x00000000ebc46370) thrown at [C:\re\workspace\8-2-build-windows-amd64-cygwin\jdk8u112\7884\hotspot\src\share\vm\prims\jni.cpp, line 709]
Event: 4.484 Thread 0x0000000002bd3800 Exception <a 'sun/nio/fs/WindowsException'> (0x00000000ebc48548) thrown at [C:\re\workspace\8-2-build-windows-amd64-cygwin\jdk8u112\7884\hotspot\src\share\vm\prims\jni.cpp, line 709]
Event: 4.484 Thread 0x0000000002bd3800 Exception <a 'sun/nio/fs/WindowsException'> (0x00000000ebc48a70) thrown at [C:\re\workspace\8-2-build-windows-amd64-cygwin\jdk8u112\7884\hotspot\src\share\vm\prims\jni.cpp, line 709]
Event: 4.484 Thread 0x0000000002bd3800 Exception <a 'sun/nio/fs/WindowsException'> (0x00000000ebc49448) thrown at [C:\re\workspace\8-2-build-windows-amd64-cygwin\jdk8u112\7884\hotspot\src\share\vm\prims\jni.cpp, line 709]
Event: 4.484 Thread 0x0000000002bd3800 Exception <a 'sun/nio/fs/WindowsException'> (0x00000000ebc498d8) thrown at [C:\re\workspace\8-2-build-windows-amd64-cygwin\jdk8u112\7884\hotspot\src\share\vm\prims\jni.cpp, line 709]

Events (10 events):
Event: 5.883 loading class com/wfe/font/GUIText
Event: 5.883 loading class com/wfe/font/GUIText done
Event: 5.906 loading class com/wfe/font/Line
Event: 5.906 loading class com/wfe/font/Line done
Event: 5.907 loading class com/wfe/font/Word
Event: 5.907 loading class com/wfe/font/Word done
Event: 5.908 loading class com/wfe/font/TextMeshData
Event: 5.908 loading class com/wfe/font/TextMeshData done
Event: 5.910 loading class com/wfe/core/GeneralSettings
Event: 5.911 loading class com/wfe/core/GeneralSettings done


Dynamic libraries:
0x00007ff7b25f0000 - 0x00007ff7b2627000 	C:\Program Files\Java\jre1.8.0_112\bin\javaw.exe
0x00007ffa30ab0000 - 0x00007ffa30c5d000 	C:\Windows\SYSTEM32\ntdll.dll
0x00007ffa2ffc0000 - 0x00007ffa300fe000 	C:\Windows\system32\KERNEL32.DLL
0x00007ffa2dcf0000 - 0x00007ffa2de05000 	C:\Windows\system32\KERNELBASE.dll
0x00007ffa2c7a0000 - 0x00007ffa2c82e000 	C:\Windows\system32\apphelp.dll
0x00007ffa2a210000 - 0x00007ffa2a263000 	C:\Windows\AppPatch\AppPatch64\AcGenral.DLL
0x00007ffa30780000 - 0x00007ffa3082a000 	C:\Windows\system32\msvcrt.dll
0x00007ffa2e100000 - 0x00007ffa2e12e000 	C:\Windows\system32\SspiCli.dll
0x00007ffa30980000 - 0x00007ffa309d4000 	C:\Windows\system32\SHLWAPI.dll
0x00007ffa30510000 - 0x00007ffa30687000 	C:\Windows\system32\USER32.dll
0x00007ffa2fb50000 - 0x00007ffa2fce4000 	C:\Windows\system32\ole32.dll
0x00007ffa2e620000 - 0x00007ffa2fb48000 	C:\Windows\system32\SHELL32.dll
0x00007ffa2d180000 - 0x00007ffa2d1a1000 	C:\Windows\SYSTEM32\USERENV.dll
0x00007ffa2fcf0000 - 0x00007ffa2fd9a000 	C:\Windows\system32\ADVAPI32.dll
0x00007ffa23de0000 - 0x00007ffa23dfe000 	C:\Windows\SYSTEM32\MPR.dll
0x00007ffa303d0000 - 0x00007ffa30510000 	C:\Windows\system32\RPCRT4.dll
0x00007ffa30690000 - 0x00007ffa306e9000 	C:\Windows\SYSTEM32\sechost.dll
0x00007ffa30150000 - 0x00007ffa30361000 	C:\Windows\SYSTEM32\combase.dll
0x00007ffa30830000 - 0x00007ffa3097f000 	C:\Windows\system32\GDI32.dll
0x00007ffa2dbd0000 - 0x00007ffa2dbe5000 	C:\Windows\SYSTEM32\profapi.dll
0x00007ffa2c480000 - 0x00007ffa2c532000 	C:\Windows\SYSTEM32\SHCORE.dll
0x00007ffa30100000 - 0x00007ffa30136000 	C:\Windows\system32\IMM32.DLL
0x00007ffa2fe60000 - 0x00007ffa2ffb2000 	C:\Windows\system32\MSCTF.dll
0x00007ffa28e40000 - 0x00007ffa28f9a000 	c:\progra~1\yandex\browser\protect\wl_hoo~1.dll
0x00007ffa306f0000 - 0x00007ffa3074a000 	C:\Windows\system32\WS2_32.dll
0x00007ffa30140000 - 0x00007ffa30149000 	C:\Windows\system32\NSI.dll
0x00007ffa2bc80000 - 0x00007ffa2befb000 	C:\Windows\WinSxS\amd64_microsoft.windows.common-controls_6595b64144ccf1df_6.0.9600.18006_none_623f33d3ecbe86e8\COMCTL32.dll
0x0000000056d50000 - 0x0000000056e22000 	C:\Program Files\Java\jre1.8.0_112\bin\msvcr100.dll
0x0000000057090000 - 0x000000005792a000 	C:\Program Files\Java\jre1.8.0_112\bin\server\jvm.dll
0x00007ffa22bc0000 - 0x00007ffa22bc9000 	C:\Windows\SYSTEM32\WSOCK32.dll
0x00007ffa28c40000 - 0x00007ffa28c62000 	C:\Windows\SYSTEM32\WINMM.dll
0x00007ffa2bbc0000 - 0x00007ffa2bbca000 	C:\Windows\SYSTEM32\VERSION.dll
0x00007ffa2e590000 - 0x00007ffa2e597000 	C:\Windows\system32\PSAPI.DLL
0x00007ffa28c10000 - 0x00007ffa28c3a000 	C:\Windows\SYSTEM32\WINMMBASE.dll
0x00007ffa2dca0000 - 0x00007ffa2dcef000 	C:\Windows\SYSTEM32\cfgmgr32.dll
0x00007ffa2ca00000 - 0x00007ffa2ca28000 	C:\Windows\SYSTEM32\DEVOBJ.dll
0x0000000056fa0000 - 0x0000000056faf000 	C:\Program Files\Java\jre1.8.0_112\bin\verify.dll
0x0000000056f70000 - 0x0000000056f99000 	C:\Program Files\Java\jre1.8.0_112\bin\java.dll
0x0000000056f50000 - 0x0000000056f66000 	C:\Program Files\Java\jre1.8.0_112\bin\zip.dll
0x0000000056f20000 - 0x0000000056f3a000 	C:\Program Files\Java\jre1.8.0_112\bin\net.dll
0x00007ffa2d410000 - 0x00007ffa2d469000 	C:\Windows\system32\mswsock.dll
0x0000000056f00000 - 0x0000000056f11000 	C:\Program Files\Java\jre1.8.0_112\bin\nio.dll
0x00007ffa29f60000 - 0x00007ffa29fb7000 	C:\Users\Rick\AppData\Local\Temp\lwjglRick\3.1.1-build-11\lwjgl.dll
0x00007ffa2db40000 - 0x00007ffa2db4b000 	C:\Windows\SYSTEM32\CRYPTBASE.DLL
0x00007ffa2dad0000 - 0x00007ffa2db33000 	C:\Windows\SYSTEM32\bcryptPrimitives.dll
0x00007ffa2a1d0000 - 0x00007ffa2a20c000 	C:\Users\Rick\AppData\Local\Temp\lwjglRick\3.1.1-build-11\glfw.dll
0x00007ffa2c670000 - 0x00007ffa2c799000 	C:\Windows\system32\uxtheme.dll
0x00007ffa29f10000 - 0x00007ffa29f52000 	C:\Windows\SYSTEM32\dinput8.dll
0x00007ffa2c8f0000 - 0x00007ffa2c8fd000 	C:\Windows\SYSTEM32\xinput1_4.dll
0x00007ffa2c450000 - 0x00007ffa2c471000 	C:\Windows\SYSTEM32\dwmapi.dll
0x00007ffa2cdc0000 - 0x00007ffa2cdcd000 	C:\Windows\SYSTEM32\HID.DLL
0x00007ffa2e130000 - 0x00007ffa2e30a000 	C:\Windows\system32\SETUPAPI.DLL
0x00007ffa2dec0000 - 0x00007ffa2df11000 	C:\Windows\system32\WINTRUST.dll
0x00007ffa2df20000 - 0x00007ffa2e0ff000 	C:\Windows\system32\CRYPT32.dll
0x00007ffa2dc80000 - 0x00007ffa2dc91000 	C:\Windows\system32\MSASN1.dll
0x00007ffa27fb0000 - 0x00007ffa27fee000 	C:\Users\Rick\AppData\Local\Temp\lwjglRick\3.1.1-build-11\jemalloc.dll
0x00007ffa205d0000 - 0x00007ffa206fb000 	C:\Windows\SYSTEM32\opengl32.dll
0x00007ffa2c540000 - 0x00007ffa2c56e000 	C:\Windows\SYSTEM32\GLU32.dll
0x00007ffa24f10000 - 0x00007ffa25008000 	C:\Windows\SYSTEM32\DDRAW.dll
0x00007ffa2ab90000 - 0x00007ffa2ab99000 	C:\Windows\SYSTEM32\DCIMAN32.dll
0x0000000054f00000 - 0x0000000056d47000 	C:\Windows\SYSTEM32\nvoglv64.DLL
0x00007ffa2bba0000 - 0x00007ffa2bbb2000 	C:\Windows\SYSTEM32\WTSAPI32.dll
0x00007ffa26730000 - 0x00007ffa26762000 	C:\Windows\SYSTEM32\ntmarta.dll
0x00007ffa2db70000 - 0x00007ffa2dbb6000 	C:\Windows\SYSTEM32\powrprof.dll
0x00007ffa2d610000 - 0x00007ffa2d66a000 	C:\Windows\SYSTEM32\WINSTA.dll
0x00007ffa1ea10000 - 0x00007ffa1eb08000 	C:\Program Files (x86)\AquaSnap\AquaSnap.Hook.x64.dll
0x00007ffa2c830000 - 0x00007ffa2c83b000 	C:\Windows\SYSTEM32\kernel.appcore.dll
0x00007ffa28fa0000 - 0x00007ffa29129000 	C:\Windows\SYSTEM32\dbghelp.dll

VM Arguments:
jvm_args: -Dfile.encoding=Cp1251 
java_command: com.wfe.core.MainApp
java_class_path (initial): D:\GitHub\Winter-Fox-Engine\Winter Fox Engine\bin;D:\GitHub\Winter-Fox-Engine\Winter Fox Engine\libs\lwjgl.jar;D:\GitHub\Winter-Fox-Engine\Winter Fox Engine\libs\lwjgl-assimp.jar;D:\GitHub\Winter-Fox-Engine\Winter Fox Engine\libs\lwjgl-assimp-javadoc.jar;D:\GitHub\Winter-Fox-Engine\Winter Fox Engine\libs\lwjgl-assimp-natives-windows.jar;D:\GitHub\Winter-Fox-Engine\Winter Fox Engine\libs\lwjgl-assimp-sources.jar;D:\GitHub\Winter-Fox-Engine\Winter Fox Engine\libs\lwjgl-bgfx.jar;D:\GitHub\Winter-Fox-Engine\Winter Fox Engine\libs\lwjgl-bgfx-javadoc.jar;D:\GitHub\Winter-Fox-Engine\Winter Fox Engine\libs\lwjgl-bgfx-natives-windows.jar;D:\GitHub\Winter-Fox-Engine\Winter Fox Engine\libs\lwjgl-bgfx-sources.jar;D:\GitHub\Winter-Fox-Engine\Winter Fox Engine\libs\lwjgl-egl.jar;D:\GitHub\Winter-Fox-Engine\Winter Fox Engine\libs\lwjgl-egl-javadoc.jar;D:\GitHub\Winter-Fox-Engine\Winter Fox Engine\libs\lwjgl-egl-sources.jar;D:\GitHub\Winter-Fox-Engine\Winter Fox Engine\libs\lwjgl-glfw.jar;D:\GitHub\Winter-Fox-Engine\Winter Fox Engine\libs\lwjgl-glfw-javadoc.jar;D:\GitHub\Winter-Fox-Engine\Winter Fox Engine\libs\lwjgl-glfw-natives-windows.jar;D:\GitHub\Winter-Fox-Engine\Winter Fox Engine\libs\lwjgl-glfw-sources.jar;D:\GitHub\Winter-Fox-Engine\Winter Fox Engine\libs\lwjgl-javadoc.jar;D:\GitHub\Winter-Fox-Engine\Winter Fox Engine\libs\lwjgl-jawt.jar;D:\GitHub\Winter-Fox-Engine\Winter Fox Engine\libs\lwjgl-jawt-javadoc.jar;D:\GitHub\Winter-Fox-Engine\Winter Fox Engine\libs\lwjgl-jawt-sources.jar;D:\GitHub\Winter-Fox-Engine\Winter Fox Engine\libs\lwjgl-jemalloc.jar;D:\GitHub\Winter-Fox-Engine\Winter Fox Engine\libs\lwjgl-jemalloc-javadoc.jar;D:\GitHub\Winter-Fox-Engine\Winter Fox Engine\libs\lwjgl-jemalloc-natives-windows.jar;D:\GitHub\Winter-Fox-Engine\Winter Fox Engine\libs\lwjgl-jemalloc-sources.jar;D:\GitHub\Winter-Fox-Engine\Winter Fox Engine\libs\lwjgl-lmdb.jar;D:\GitHub\Winter-Fox-Engine\Winter Fox Engine\libs\lwjgl-lmdb-javadoc.jar;D:\GitHub\Winter-F
Launcher Type: SUN_STANDARD

Environment Variables:
JAVA_HOME=C:\Program Files\Java\jdk1.8.0_112
CLASSPATH=.;
PATH=C:/Program Files/Java/jre1.8.0_112/bin/server;C:/Program Files/Java/jre1.8.0_112/bin;C:/Program Files/Java/jre1.8.0_112/lib/amd64;C:\ProgramData\Oracle\Java\javapath;C:\Program Files\NVIDIA GPU Computing Toolkit\CUDA\v8.0\bin;C:\Program Files\NVIDIA GPU Computing Toolkit\CUDA\v8.0\libnvvp;C:\Windows\system32;C:\Windows;C:\Windows\System32\Wbem;C:\Windows\System32\WindowsPowerShell\v1.0\;C:\Program Files (x86)\NVIDIA Corporation\PhysX\Common;C:\Program Files\Rust stable GNU 1.13\bin;C:\Program Files (x86)\GtkSharp\2.12\bin;C:\Program Files\maven\bin;C:\Program Files\Java\jdk1.8.0_112\bin;C:\Program Files (x86)\Windows Kits\8.1\Windows Performance Toolkit\;C:\Program Files (x86)\CMake\bin;C:\Users\Rick\Desktop;
USERNAME=Rick
OS=Windows_NT
PROCESSOR_IDENTIFIER=Intel64 Family 6 Model 37 Stepping 5, GenuineIntel



---------------  S Y S T E M  ---------------

OS: Windows 8.1 , 64 bit Build 9600 (6.3.9600.17415)

CPU:total 4 (2 cores per cpu, 2 threads per core) family 6 model 37 stepping 5, cmov, cx8, fxsr, mmx, sse, sse2, sse3, ssse3, sse4.1, sse4.2, popcnt, ht, tsc, tscinvbit

Memory: 4k page, physical 4051516k(1138436k free), swap 5558844k(2001916k free)

vm_info: Java HotSpot(TM) 64-Bit Server VM (25.112-b15) for windows-amd64 JRE (1.8.0_112-b15), built on Sep 22 2016 21:31:56 by "java_re" with MS VC++ 10.0 (VS2010)

time: Wed Dec 28 11:41:31 2016
elapsed time: 6 seconds (0d 0h 0m 6s)

